\BOOKMARK [0][-]{chapter*.2}{Introduction}{}% 1
\BOOKMARK [0][-]{chapter.1}{Preparation}{}% 2
\BOOKMARK [1][-]{section.1.1}{Prerequisites\040of\040this\040Book}{chapter.1}% 3
\BOOKMARK [1][-]{section.1.2}{Install\040iVerilog}{chapter.1}% 4
\BOOKMARK [1][-]{section.1.3}{Prepare\040Haskell\040Environment}{chapter.1}% 5
\BOOKMARK [0][-]{chapter.2}{Essential\040Verilog}{}% 6
\BOOKMARK [1][-]{section.2.1}{Module\040Interface}{chapter.2}% 7
\BOOKMARK [1][-]{section.2.2}{Sequential\040Structures}{chapter.2}% 8
\BOOKMARK [2][-]{subsection.2.2.1}{Assigning\040Sequential\040Values}{section.2.2}% 9
\BOOKMARK [2][-]{subsection.2.2.2}{Test\040Bench}{section.2.2}% 10
\BOOKMARK [0][-]{chapter.3}{Journey\040to\040the\040Clash\040Language}{}% 11
\BOOKMARK [1][-]{section.3.1}{Define\040Circuits}{chapter.3}% 12
\BOOKMARK [1][-]{section.3.2}{Useful\040Types}{chapter.3}% 13
\BOOKMARK [2][-]{subsection.3.2.1}{Bit\040and\040BitVector}{section.3.2}% 14
\BOOKMARK [2][-]{subsection.3.2.2}{Sized\040Integers}{section.3.2}% 15
\BOOKMARK [2][-]{subsection.3.2.3}{Remarks\040on\040Haskell\040Types}{section.3.2}% 16
\BOOKMARK [1][-]{section.3.3}{Step\040into\040the\040Sequential\040Logic\040World}{chapter.3}% 17
\BOOKMARK [1][-]{section.3.4}{Function\040Utilities}{chapter.3}% 18
\BOOKMARK [2][-]{subsection.3.4.1}{ROM\040and\040RAM}{section.3.4}% 19
\BOOKMARK [2][-]{subsection.3.4.2}{State\040Machine}{section.3.4}% 20
\BOOKMARK [2][-]{subsection.3.4.3}{Bundle\040and\040Unbundle}{section.3.4}% 21
\BOOKMARK [0][-]{chapter.4}{Writing\040the\040CPU}{}% 22
\BOOKMARK [1][-]{section.4.1}{What\040is\040CPU}{chapter.4}% 23
\BOOKMARK [1][-]{section.4.2}{Pipeline:\040Why\040and\040How}{chapter.4}% 24
\BOOKMARK [2][-]{subsection.4.2.1}{Control\040Hazards:\040Branch\040and\040Jump}{section.4.2}% 25
\BOOKMARK [2][-]{subsection.4.2.2}{Data\040Hazards}{section.4.2}% 26
\BOOKMARK [2][-]{subsection.4.2.3}{Special\040Changes}{section.4.2}% 27
\BOOKMARK [1][-]{section.4.3}{Implementation}{chapter.4}% 28
\BOOKMARK [2][-]{subsection.4.3.1}{Instruction\040Module}{section.4.3}% 29
